2020-11-15 20:35:46,188 DEBUG [main] BasicClientConnectionManager:161 - Get connection for route {s}->https://api.openweathermap.org:443
2020-11-15 20:35:46,204 DEBUG [main] DefaultClientConnectionOperator:177 - Connecting to api.openweathermap.org:443
2020-11-15 20:35:47,127 DEBUG [main] RequestAddCookies:123 - CookieSpec selected: ignoreCookies
2020-11-15 20:35:47,129 DEBUG [main] RequestAuthCache:77 - Auth cache not set in the context
2020-11-15 20:35:47,129 DEBUG [main] RequestTargetAuthentication:80 - Target auth state: UNCHALLENGED
2020-11-15 20:35:47,130 DEBUG [main] RequestProxyAuthentication:89 - Proxy auth state: UNCHALLENGED
2020-11-15 20:35:47,130 DEBUG [main] DefaultHttpClient:682 - Attempt 1 to execute request
2020-11-15 20:35:47,130 DEBUG [main] DefaultClientConnection:274 - Sending request: GET /data/2.5/weather?appid=7fe67bf08c80ded756e598d6f8fedaea&id=1261481 HTTP/1.1
2020-11-15 20:35:47,131 DEBUG [main] wire:73 -  >> "GET /data/2.5/weather?appid=7fe67bf08c80ded756e598d6f8fedaea&id=1261481 HTTP/1.1[\r][\n]"
2020-11-15 20:35:47,132 DEBUG [main] wire:73 -  >> "Accept: */*[\r][\n]"
2020-11-15 20:35:47,132 DEBUG [main] wire:73 -  >> "Content-Length: 0[\r][\n]"
2020-11-15 20:35:47,132 DEBUG [main] wire:73 -  >> "Host: api.openweathermap.org[\r][\n]"
2020-11-15 20:35:47,133 DEBUG [main] wire:73 -  >> "Connection: Keep-Alive[\r][\n]"
2020-11-15 20:35:47,133 DEBUG [main] wire:73 -  >> "User-Agent: Apache-HttpClient/4.5.3 (Java/1.8.0_242)[\r][\n]"
2020-11-15 20:35:47,133 DEBUG [main] wire:73 -  >> "Accept-Encoding: gzip,deflate[\r][\n]"
2020-11-15 20:35:47,134 DEBUG [main] wire:73 -  >> "[\r][\n]"
2020-11-15 20:35:47,135 DEBUG [main] headers:278 - >> GET /data/2.5/weather?appid=7fe67bf08c80ded756e598d6f8fedaea&id=1261481 HTTP/1.1
2020-11-15 20:35:47,135 DEBUG [main] headers:281 - >> Accept: */*
2020-11-15 20:35:47,135 DEBUG [main] headers:281 - >> Content-Length: 0
2020-11-15 20:35:47,135 DEBUG [main] headers:281 - >> Host: api.openweathermap.org
2020-11-15 20:35:47,136 DEBUG [main] headers:281 - >> Connection: Keep-Alive
2020-11-15 20:35:47,136 DEBUG [main] headers:281 - >> User-Agent: Apache-HttpClient/4.5.3 (Java/1.8.0_242)
2020-11-15 20:35:47,136 DEBUG [main] headers:281 - >> Accept-Encoding: gzip,deflate
2020-11-15 20:35:47,250 DEBUG [main] wire:73 -  << "HTTP/1.1 200 OK[\r][\n]"
2020-11-15 20:35:47,253 DEBUG [main] wire:73 -  << "Server: openresty[\r][\n]"
2020-11-15 20:35:47,254 DEBUG [main] wire:73 -  << "Date: Sun, 15 Nov 2020 15:05:47 GMT[\r][\n]"
2020-11-15 20:35:47,255 DEBUG [main] wire:73 -  << "Content-Type: application/json; charset=utf-8[\r][\n]"
2020-11-15 20:35:47,255 DEBUG [main] wire:73 -  << "Content-Length: 460[\r][\n]"
2020-11-15 20:35:47,256 DEBUG [main] wire:73 -  << "Connection: keep-alive[\r][\n]"
2020-11-15 20:35:47,257 DEBUG [main] wire:73 -  << "X-Cache-Key: /data/2.5/weather?id=1261481[\r][\n]"
2020-11-15 20:35:47,257 DEBUG [main] wire:73 -  << "Access-Control-Allow-Origin: *[\r][\n]"
2020-11-15 20:35:47,258 DEBUG [main] wire:73 -  << "Access-Control-Allow-Credentials: true[\r][\n]"
2020-11-15 20:35:47,258 DEBUG [main] wire:73 -  << "Access-Control-Allow-Methods: GET, POST[\r][\n]"
2020-11-15 20:35:47,259 DEBUG [main] wire:73 -  << "[\r][\n]"
2020-11-15 20:35:47,261 DEBUG [main] DefaultClientConnection:259 - Receiving response: HTTP/1.1 200 OK
2020-11-15 20:35:47,261 DEBUG [main] headers:262 - << HTTP/1.1 200 OK
2020-11-15 20:35:47,262 DEBUG [main] headers:265 - << Server: openresty
2020-11-15 20:35:47,263 DEBUG [main] headers:265 - << Date: Sun, 15 Nov 2020 15:05:47 GMT
2020-11-15 20:35:47,263 DEBUG [main] headers:265 - << Content-Type: application/json; charset=utf-8
2020-11-15 20:35:47,264 DEBUG [main] headers:265 - << Content-Length: 460
2020-11-15 20:35:47,265 DEBUG [main] headers:265 - << Connection: keep-alive
2020-11-15 20:35:47,266 DEBUG [main] headers:265 - << X-Cache-Key: /data/2.5/weather?id=1261481
2020-11-15 20:35:47,267 DEBUG [main] headers:265 - << Access-Control-Allow-Origin: *
2020-11-15 20:35:47,268 DEBUG [main] headers:265 - << Access-Control-Allow-Credentials: true
2020-11-15 20:35:47,269 DEBUG [main] headers:265 - << Access-Control-Allow-Methods: GET, POST
2020-11-15 20:35:47,277 DEBUG [main] DefaultHttpClient:509 - Connection can be kept alive indefinitely
2020-11-15 20:35:47,295 DEBUG [main] RequestSpecificationImpl$RestAssuredHttpBuilder:544 - Parsing response as: application/json; charset=utf-8
2020-11-15 20:35:47,296 DEBUG [main] RequestSpecificationImpl$RestAssuredHttpBuilder:547 - Parsed data to instance of: class org.apache.http.conn.EofSensorInputStream
2020-11-15 20:35:47,322 DEBUG [main] wire:87 -  << "{"coord":{"lon":77.23,"lat":28.61},"weather":[{"id":721,"main":"Haze","description":"haze","icon":"50n"}],"base":"stations","main":{"temp":293.15,"feels_like":292.52,"temp_min":293.15,"temp_max":293.15,"pressure":1014,"humidity":72},"visibility":2200,"wind":{"speed":3.1,"deg":110},"clouds":{"all":40},"dt":1605452485,"sys":{"type":1,"id":9165,"country":"IN","sunrise":1605402836,"sunset":1605441462},"timezone":19800,"id":1261481,"name":"New Delhi","cod":200}"
2020-11-15 20:35:47,323 DEBUG [main] BasicClientConnectionManager:200 - Releasing connection org.apache.http.impl.conn.ManagedClientConnectionImpl@505a9d7c
2020-11-15 20:35:47,323 DEBUG [main] BasicClientConnectionManager:225 - Connection can be kept alive indefinitely
2020-11-15 20:35:47,564 DEBUG [main] BasicClientConnectionManager:161 - Get connection for route {s}->https://api.openweathermap.org:443
2020-11-15 20:35:47,564 DEBUG [main] DefaultClientConnectionOperator:177 - Connecting to api.openweathermap.org:443
2020-11-15 20:35:48,307 DEBUG [main] RequestAddCookies:123 - CookieSpec selected: ignoreCookies
2020-11-15 20:35:48,308 DEBUG [main] RequestAuthCache:77 - Auth cache not set in the context
2020-11-15 20:35:48,308 DEBUG [main] RequestTargetAuthentication:80 - Target auth state: UNCHALLENGED
2020-11-15 20:35:48,308 DEBUG [main] RequestProxyAuthentication:89 - Proxy auth state: UNCHALLENGED
2020-11-15 20:35:48,308 DEBUG [main] DefaultHttpClient:682 - Attempt 1 to execute request
2020-11-15 20:35:48,309 DEBUG [main] DefaultClientConnection:274 - Sending request: GET /data/2.5/weather?appid=7fe67bf08c80ded756e598d6f8fedaea&id=1261481&units=metric HTTP/1.1
2020-11-15 20:35:48,309 DEBUG [main] wire:73 -  >> "GET /data/2.5/weather?appid=7fe67bf08c80ded756e598d6f8fedaea&id=1261481&units=metric HTTP/1.1[\r][\n]"
2020-11-15 20:35:48,309 DEBUG [main] wire:73 -  >> "Accept: */*[\r][\n]"
2020-11-15 20:35:48,309 DEBUG [main] wire:73 -  >> "Content-Length: 0[\r][\n]"
2020-11-15 20:35:48,310 DEBUG [main] wire:73 -  >> "Host: api.openweathermap.org[\r][\n]"
2020-11-15 20:35:48,310 DEBUG [main] wire:73 -  >> "Connection: Keep-Alive[\r][\n]"
2020-11-15 20:35:48,310 DEBUG [main] wire:73 -  >> "User-Agent: Apache-HttpClient/4.5.3 (Java/1.8.0_242)[\r][\n]"
2020-11-15 20:35:48,310 DEBUG [main] wire:73 -  >> "Accept-Encoding: gzip,deflate[\r][\n]"
2020-11-15 20:35:48,311 DEBUG [main] wire:73 -  >> "[\r][\n]"
2020-11-15 20:35:48,311 DEBUG [main] headers:278 - >> GET /data/2.5/weather?appid=7fe67bf08c80ded756e598d6f8fedaea&id=1261481&units=metric HTTP/1.1
2020-11-15 20:35:48,311 DEBUG [main] headers:281 - >> Accept: */*
2020-11-15 20:35:48,311 DEBUG [main] headers:281 - >> Content-Length: 0
2020-11-15 20:35:48,311 DEBUG [main] headers:281 - >> Host: api.openweathermap.org
2020-11-15 20:35:48,312 DEBUG [main] headers:281 - >> Connection: Keep-Alive
2020-11-15 20:35:48,312 DEBUG [main] headers:281 - >> User-Agent: Apache-HttpClient/4.5.3 (Java/1.8.0_242)
2020-11-15 20:35:48,312 DEBUG [main] headers:281 - >> Accept-Encoding: gzip,deflate
2020-11-15 20:35:48,411 DEBUG [main] wire:73 -  << "HTTP/1.1 200 OK[\r][\n]"
2020-11-15 20:35:48,412 DEBUG [main] wire:73 -  << "Server: openresty[\r][\n]"
2020-11-15 20:35:48,413 DEBUG [main] wire:73 -  << "Date: Sun, 15 Nov 2020 15:05:48 GMT[\r][\n]"
2020-11-15 20:35:48,414 DEBUG [main] wire:73 -  << "Content-Type: application/json; charset=utf-8[\r][\n]"
2020-11-15 20:35:48,414 DEBUG [main] wire:73 -  << "Content-Length: 447[\r][\n]"
2020-11-15 20:35:48,416 DEBUG [main] wire:73 -  << "Connection: keep-alive[\r][\n]"
2020-11-15 20:35:48,416 DEBUG [main] wire:73 -  << "X-Cache-Key: /data/2.5/weather?id=1261481&units=metric[\r][\n]"
2020-11-15 20:35:48,417 DEBUG [main] wire:73 -  << "Access-Control-Allow-Origin: *[\r][\n]"
2020-11-15 20:35:48,418 DEBUG [main] wire:73 -  << "Access-Control-Allow-Credentials: true[\r][\n]"
2020-11-15 20:35:48,419 DEBUG [main] wire:73 -  << "Access-Control-Allow-Methods: GET, POST[\r][\n]"
2020-11-15 20:35:48,419 DEBUG [main] wire:73 -  << "[\r][\n]"
2020-11-15 20:35:48,420 DEBUG [main] DefaultClientConnection:259 - Receiving response: HTTP/1.1 200 OK
2020-11-15 20:35:48,421 DEBUG [main] headers:262 - << HTTP/1.1 200 OK
2020-11-15 20:35:48,421 DEBUG [main] headers:265 - << Server: openresty
2020-11-15 20:35:48,422 DEBUG [main] headers:265 - << Date: Sun, 15 Nov 2020 15:05:48 GMT
2020-11-15 20:35:48,423 DEBUG [main] headers:265 - << Content-Type: application/json; charset=utf-8
2020-11-15 20:35:48,423 DEBUG [main] headers:265 - << Content-Length: 447
2020-11-15 20:35:48,424 DEBUG [main] headers:265 - << Connection: keep-alive
2020-11-15 20:35:48,424 DEBUG [main] headers:265 - << X-Cache-Key: /data/2.5/weather?id=1261481&units=metric
2020-11-15 20:35:48,425 DEBUG [main] headers:265 - << Access-Control-Allow-Origin: *
2020-11-15 20:35:48,425 DEBUG [main] headers:265 - << Access-Control-Allow-Credentials: true
2020-11-15 20:35:48,426 DEBUG [main] headers:265 - << Access-Control-Allow-Methods: GET, POST
2020-11-15 20:35:48,427 DEBUG [main] DefaultHttpClient:509 - Connection can be kept alive indefinitely
2020-11-15 20:35:48,428 DEBUG [main] RequestSpecificationImpl$RestAssuredHttpBuilder:544 - Parsing response as: application/json; charset=utf-8
2020-11-15 20:35:48,429 DEBUG [main] RequestSpecificationImpl$RestAssuredHttpBuilder:547 - Parsed data to instance of: class org.apache.http.conn.EofSensorInputStream
2020-11-15 20:35:48,433 DEBUG [main] wire:87 -  << "{"coord":{"lon":77.23,"lat":28.61},"weather":[{"id":721,"main":"Haze","description":"haze","icon":"50n"}],"base":"stations","main":{"temp":20,"feels_like":19.37,"temp_min":20,"temp_max":20,"pressure":1014,"humidity":72},"visibility":2200,"wind":{"speed":3.1,"deg":110},"clouds":{"all":40},"dt":1605452485,"sys":{"type":1,"id":9165,"country":"IN","sunrise":1605402836,"sunset":1605441462},"timezone":19800,"id":1261481,"name":"New Delhi","cod":200}"
2020-11-15 20:35:48,433 DEBUG [main] BasicClientConnectionManager:200 - Releasing connection org.apache.http.impl.conn.ManagedClientConnectionImpl@672f11c2
2020-11-15 20:35:48,434 DEBUG [main] BasicClientConnectionManager:225 - Connection can be kept alive indefinitely
2020-11-15 20:35:48,496 DEBUG [main] BasicClientConnectionManager:161 - Get connection for route {s}->https://api.openweathermap.org:443
2020-11-15 20:35:48,496 DEBUG [main] DefaultClientConnectionOperator:177 - Connecting to api.openweathermap.org:443
2020-11-15 20:35:48,945 DEBUG [main] RequestAddCookies:123 - CookieSpec selected: ignoreCookies
2020-11-15 20:35:48,946 DEBUG [main] RequestAuthCache:77 - Auth cache not set in the context
2020-11-15 20:35:48,947 DEBUG [main] RequestTargetAuthentication:80 - Target auth state: UNCHALLENGED
2020-11-15 20:35:48,947 DEBUG [main] RequestProxyAuthentication:89 - Proxy auth state: UNCHALLENGED
2020-11-15 20:35:48,948 DEBUG [main] DefaultHttpClient:682 - Attempt 1 to execute request
2020-11-15 20:35:48,949 DEBUG [main] DefaultClientConnection:274 - Sending request: GET /data/2.5/weather?appid=7fe67bf08c80ded756e598d6f8fedaea1&id=1261481 HTTP/1.1
2020-11-15 20:35:48,950 DEBUG [main] wire:73 -  >> "GET /data/2.5/weather?appid=7fe67bf08c80ded756e598d6f8fedaea1&id=1261481 HTTP/1.1[\r][\n]"
2020-11-15 20:35:48,950 DEBUG [main] wire:73 -  >> "Accept: */*[\r][\n]"
2020-11-15 20:35:48,951 DEBUG [main] wire:73 -  >> "Content-Length: 0[\r][\n]"
2020-11-15 20:35:48,951 DEBUG [main] wire:73 -  >> "Host: api.openweathermap.org[\r][\n]"
2020-11-15 20:35:48,952 DEBUG [main] wire:73 -  >> "Connection: Keep-Alive[\r][\n]"
2020-11-15 20:35:48,953 DEBUG [main] wire:73 -  >> "User-Agent: Apache-HttpClient/4.5.3 (Java/1.8.0_242)[\r][\n]"
2020-11-15 20:35:48,953 DEBUG [main] wire:73 -  >> "Accept-Encoding: gzip,deflate[\r][\n]"
2020-11-15 20:35:48,954 DEBUG [main] wire:73 -  >> "[\r][\n]"
2020-11-15 20:35:48,955 DEBUG [main] headers:278 - >> GET /data/2.5/weather?appid=7fe67bf08c80ded756e598d6f8fedaea1&id=1261481 HTTP/1.1
2020-11-15 20:35:48,955 DEBUG [main] headers:281 - >> Accept: */*
2020-11-15 20:35:48,956 DEBUG [main] headers:281 - >> Content-Length: 0
2020-11-15 20:35:48,956 DEBUG [main] headers:281 - >> Host: api.openweathermap.org
2020-11-15 20:35:48,957 DEBUG [main] headers:281 - >> Connection: Keep-Alive
2020-11-15 20:35:48,957 DEBUG [main] headers:281 - >> User-Agent: Apache-HttpClient/4.5.3 (Java/1.8.0_242)
2020-11-15 20:35:48,958 DEBUG [main] headers:281 - >> Accept-Encoding: gzip,deflate
2020-11-15 20:35:49,082 DEBUG [main] wire:73 -  << "HTTP/1.1 401 Unauthorized[\r][\n]"
2020-11-15 20:35:49,084 DEBUG [main] wire:73 -  << "Server: openresty[\r][\n]"
2020-11-15 20:35:49,085 DEBUG [main] wire:73 -  << "Date: Sun, 15 Nov 2020 15:05:49 GMT[\r][\n]"
2020-11-15 20:35:49,086 DEBUG [main] wire:73 -  << "Content-Type: application/json; charset=utf-8[\r][\n]"
2020-11-15 20:35:49,086 DEBUG [main] wire:73 -  << "Content-Length: 107[\r][\n]"
2020-11-15 20:35:49,087 DEBUG [main] wire:73 -  << "Connection: keep-alive[\r][\n]"
2020-11-15 20:35:49,088 DEBUG [main] wire:73 -  << "X-Cache-Key: /data/2.5/weather?id=1261481[\r][\n]"
2020-11-15 20:35:49,088 DEBUG [main] wire:73 -  << "Access-Control-Allow-Origin: *[\r][\n]"
2020-11-15 20:35:49,089 DEBUG [main] wire:73 -  << "Access-Control-Allow-Credentials: true[\r][\n]"
2020-11-15 20:35:49,090 DEBUG [main] wire:73 -  << "Access-Control-Allow-Methods: GET, POST[\r][\n]"
2020-11-15 20:35:49,090 DEBUG [main] wire:73 -  << "[\r][\n]"
2020-11-15 20:35:49,091 DEBUG [main] DefaultClientConnection:259 - Receiving response: HTTP/1.1 401 Unauthorized
2020-11-15 20:35:49,091 DEBUG [main] headers:262 - << HTTP/1.1 401 Unauthorized
2020-11-15 20:35:49,092 DEBUG [main] headers:265 - << Server: openresty
2020-11-15 20:35:49,092 DEBUG [main] headers:265 - << Date: Sun, 15 Nov 2020 15:05:49 GMT
2020-11-15 20:35:49,093 DEBUG [main] headers:265 - << Content-Type: application/json; charset=utf-8
2020-11-15 20:35:49,093 DEBUG [main] headers:265 - << Content-Length: 107
2020-11-15 20:35:49,095 DEBUG [main] headers:265 - << Connection: keep-alive
2020-11-15 20:35:49,096 DEBUG [main] headers:265 - << X-Cache-Key: /data/2.5/weather?id=1261481
2020-11-15 20:35:49,096 DEBUG [main] headers:265 - << Access-Control-Allow-Origin: *
2020-11-15 20:35:49,097 DEBUG [main] headers:265 - << Access-Control-Allow-Credentials: true
2020-11-15 20:35:49,097 DEBUG [main] headers:265 - << Access-Control-Allow-Methods: GET, POST
2020-11-15 20:35:49,098 DEBUG [main] DefaultHttpClient:509 - Connection can be kept alive indefinitely
2020-11-15 20:35:49,099 DEBUG [main] DefaultHttpClient:77 - Authentication required
2020-11-15 20:35:49,099 DEBUG [main] DefaultHttpClient:107 - api.openweathermap.org:443 requested authentication
2020-11-15 20:35:49,100 DEBUG [main] DefaultHttpClient:111 - Response contains no authentication challenges
2020-11-15 20:35:49,101 DEBUG [main] RequestSpecificationImpl$RestAssuredHttpBuilder:544 - Parsing response as: application/json; charset=utf-8
2020-11-15 20:35:49,102 DEBUG [main] RequestSpecificationImpl$RestAssuredHttpBuilder:547 - Parsed data to instance of: class org.apache.http.conn.EofSensorInputStream
2020-11-15 20:35:49,105 DEBUG [main] wire:87 -  << "{"cod":401, "message": "Invalid API key. Please see http://openweathermap.org/faq#error401 for more info."}"
2020-11-15 20:35:49,105 DEBUG [main] BasicClientConnectionManager:200 - Releasing connection org.apache.http.impl.conn.ManagedClientConnectionImpl@2d8f2f3a
2020-11-15 20:35:49,106 DEBUG [main] BasicClientConnectionManager:225 - Connection can be kept alive indefinitely
2020-11-15 20:35:49,130 DEBUG [main] BasicClientConnectionManager:161 - Get connection for route {s}->https://api.openweathermap.org:443
2020-11-15 20:35:49,131 DEBUG [main] DefaultClientConnectionOperator:177 - Connecting to api.openweathermap.org:443
2020-11-15 20:35:49,526 DEBUG [main] RequestAddCookies:123 - CookieSpec selected: ignoreCookies
2020-11-15 20:35:49,527 DEBUG [main] RequestAuthCache:77 - Auth cache not set in the context
2020-11-15 20:35:49,527 DEBUG [main] RequestTargetAuthentication:80 - Target auth state: UNCHALLENGED
2020-11-15 20:35:49,528 DEBUG [main] RequestProxyAuthentication:89 - Proxy auth state: UNCHALLENGED
2020-11-15 20:35:49,528 DEBUG [main] DefaultHttpClient:682 - Attempt 1 to execute request
2020-11-15 20:35:49,529 DEBUG [main] DefaultClientConnection:274 - Sending request: GET /data/2.5/weather?appid=7fe67bf08c80ded756e598d6f8fedaea&id=12614811 HTTP/1.1
2020-11-15 20:35:49,530 DEBUG [main] wire:73 -  >> "GET /data/2.5/weather?appid=7fe67bf08c80ded756e598d6f8fedaea&id=12614811 HTTP/1.1[\r][\n]"
2020-11-15 20:35:49,530 DEBUG [main] wire:73 -  >> "Accept: */*[\r][\n]"
2020-11-15 20:35:49,531 DEBUG [main] wire:73 -  >> "Content-Length: 0[\r][\n]"
2020-11-15 20:35:49,531 DEBUG [main] wire:73 -  >> "Host: api.openweathermap.org[\r][\n]"
2020-11-15 20:35:49,532 DEBUG [main] wire:73 -  >> "Connection: Keep-Alive[\r][\n]"
2020-11-15 20:35:49,532 DEBUG [main] wire:73 -  >> "User-Agent: Apache-HttpClient/4.5.3 (Java/1.8.0_242)[\r][\n]"
2020-11-15 20:35:49,533 DEBUG [main] wire:73 -  >> "Accept-Encoding: gzip,deflate[\r][\n]"
2020-11-15 20:35:49,534 DEBUG [main] wire:73 -  >> "[\r][\n]"
2020-11-15 20:35:49,534 DEBUG [main] headers:278 - >> GET /data/2.5/weather?appid=7fe67bf08c80ded756e598d6f8fedaea&id=12614811 HTTP/1.1
2020-11-15 20:35:49,535 DEBUG [main] headers:281 - >> Accept: */*
2020-11-15 20:35:49,535 DEBUG [main] headers:281 - >> Content-Length: 0
2020-11-15 20:35:49,536 DEBUG [main] headers:281 - >> Host: api.openweathermap.org
2020-11-15 20:35:49,536 DEBUG [main] headers:281 - >> Connection: Keep-Alive
2020-11-15 20:35:49,537 DEBUG [main] headers:281 - >> User-Agent: Apache-HttpClient/4.5.3 (Java/1.8.0_242)
2020-11-15 20:35:49,537 DEBUG [main] headers:281 - >> Accept-Encoding: gzip,deflate
2020-11-15 20:35:49,648 DEBUG [main] wire:73 -  << "HTTP/1.1 404 Not Found[\r][\n]"
2020-11-15 20:35:49,649 DEBUG [main] wire:73 -  << "Server: openresty[\r][\n]"
2020-11-15 20:35:49,650 DEBUG [main] wire:73 -  << "Date: Sun, 15 Nov 2020 15:05:49 GMT[\r][\n]"
2020-11-15 20:35:49,651 DEBUG [main] wire:73 -  << "Content-Type: application/json; charset=utf-8[\r][\n]"
2020-11-15 20:35:49,651 DEBUG [main] wire:73 -  << "Content-Length: 40[\r][\n]"
2020-11-15 20:35:49,652 DEBUG [main] wire:73 -  << "Connection: keep-alive[\r][\n]"
2020-11-15 20:35:49,653 DEBUG [main] wire:73 -  << "X-Cache-Key: /data/2.5/weather?id=12614811[\r][\n]"
2020-11-15 20:35:49,653 DEBUG [main] wire:73 -  << "Access-Control-Allow-Origin: *[\r][\n]"
2020-11-15 20:35:49,653 DEBUG [main] wire:73 -  << "Access-Control-Allow-Credentials: true[\r][\n]"
2020-11-15 20:35:49,653 DEBUG [main] wire:73 -  << "Access-Control-Allow-Methods: GET, POST[\r][\n]"
2020-11-15 20:35:49,653 DEBUG [main] wire:73 -  << "[\r][\n]"
2020-11-15 20:35:49,654 DEBUG [main] DefaultClientConnection:259 - Receiving response: HTTP/1.1 404 Not Found
2020-11-15 20:35:49,654 DEBUG [main] headers:262 - << HTTP/1.1 404 Not Found
2020-11-15 20:35:49,654 DEBUG [main] headers:265 - << Server: openresty
2020-11-15 20:35:49,654 DEBUG [main] headers:265 - << Date: Sun, 15 Nov 2020 15:05:49 GMT
2020-11-15 20:35:49,654 DEBUG [main] headers:265 - << Content-Type: application/json; charset=utf-8
2020-11-15 20:35:49,655 DEBUG [main] headers:265 - << Content-Length: 40
2020-11-15 20:35:49,655 DEBUG [main] headers:265 - << Connection: keep-alive
2020-11-15 20:35:49,655 DEBUG [main] headers:265 - << X-Cache-Key: /data/2.5/weather?id=12614811
2020-11-15 20:35:49,655 DEBUG [main] headers:265 - << Access-Control-Allow-Origin: *
2020-11-15 20:35:49,655 DEBUG [main] headers:265 - << Access-Control-Allow-Credentials: true
2020-11-15 20:35:49,656 DEBUG [main] headers:265 - << Access-Control-Allow-Methods: GET, POST
2020-11-15 20:35:49,656 DEBUG [main] DefaultHttpClient:509 - Connection can be kept alive indefinitely
2020-11-15 20:35:49,656 DEBUG [main] RequestSpecificationImpl$RestAssuredHttpBuilder:544 - Parsing response as: application/json; charset=utf-8
2020-11-15 20:35:49,657 DEBUG [main] RequestSpecificationImpl$RestAssuredHttpBuilder:547 - Parsed data to instance of: class org.apache.http.conn.EofSensorInputStream
2020-11-15 20:35:49,658 DEBUG [main] wire:87 -  << "{"cod":"404","message":"city not found"}"
2020-11-15 20:35:49,658 DEBUG [main] BasicClientConnectionManager:200 - Releasing connection org.apache.http.impl.conn.ManagedClientConnectionImpl@5cad8b7d
2020-11-15 20:35:49,658 DEBUG [main] BasicClientConnectionManager:225 - Connection can be kept alive indefinitely
2020-11-15 20:35:49,674 DEBUG [main] BasicClientConnectionManager:161 - Get connection for route {s}->https://api.openweathermap.org:443
2020-11-15 20:35:49,674 DEBUG [main] DefaultClientConnectionOperator:177 - Connecting to api.openweathermap.org:443
2020-11-15 20:35:50,074 DEBUG [main] RequestAddCookies:123 - CookieSpec selected: ignoreCookies
2020-11-15 20:35:50,075 DEBUG [main] RequestAuthCache:77 - Auth cache not set in the context
2020-11-15 20:35:50,075 DEBUG [main] RequestTargetAuthentication:80 - Target auth state: UNCHALLENGED
2020-11-15 20:35:50,076 DEBUG [main] RequestProxyAuthentication:89 - Proxy auth state: UNCHALLENGED
2020-11-15 20:35:50,077 DEBUG [main] DefaultHttpClient:682 - Attempt 1 to execute request
2020-11-15 20:35:50,077 DEBUG [main] DefaultClientConnection:274 - Sending request: GET /data/2.5/weather?appid=7fe67bf08c80ded756e598d6f8fedaea&id=1261481abc HTTP/1.1
2020-11-15 20:35:50,078 DEBUG [main] wire:73 -  >> "GET /data/2.5/weather?appid=7fe67bf08c80ded756e598d6f8fedaea&id=1261481abc HTTP/1.1[\r][\n]"
2020-11-15 20:35:50,078 DEBUG [main] wire:73 -  >> "Accept: */*[\r][\n]"
2020-11-15 20:35:50,079 DEBUG [main] wire:73 -  >> "Content-Length: 0[\r][\n]"
2020-11-15 20:35:50,080 DEBUG [main] wire:73 -  >> "Host: api.openweathermap.org[\r][\n]"
2020-11-15 20:35:50,080 DEBUG [main] wire:73 -  >> "Connection: Keep-Alive[\r][\n]"
2020-11-15 20:35:50,081 DEBUG [main] wire:73 -  >> "User-Agent: Apache-HttpClient/4.5.3 (Java/1.8.0_242)[\r][\n]"
2020-11-15 20:35:50,081 DEBUG [main] wire:73 -  >> "Accept-Encoding: gzip,deflate[\r][\n]"
2020-11-15 20:35:50,082 DEBUG [main] wire:73 -  >> "[\r][\n]"
2020-11-15 20:35:50,082 DEBUG [main] headers:278 - >> GET /data/2.5/weather?appid=7fe67bf08c80ded756e598d6f8fedaea&id=1261481abc HTTP/1.1
2020-11-15 20:35:50,083 DEBUG [main] headers:281 - >> Accept: */*
2020-11-15 20:35:50,083 DEBUG [main] headers:281 - >> Content-Length: 0
2020-11-15 20:35:50,084 DEBUG [main] headers:281 - >> Host: api.openweathermap.org
2020-11-15 20:35:50,084 DEBUG [main] headers:281 - >> Connection: Keep-Alive
2020-11-15 20:35:50,085 DEBUG [main] headers:281 - >> User-Agent: Apache-HttpClient/4.5.3 (Java/1.8.0_242)
2020-11-15 20:35:50,085 DEBUG [main] headers:281 - >> Accept-Encoding: gzip,deflate
2020-11-15 20:35:50,209 DEBUG [main] wire:73 -  << "HTTP/1.1 400 Bad Request[\r][\n]"
2020-11-15 20:35:50,210 DEBUG [main] wire:73 -  << "Server: openresty[\r][\n]"
2020-11-15 20:35:50,211 DEBUG [main] wire:73 -  << "Date: Sun, 15 Nov 2020 15:05:50 GMT[\r][\n]"
2020-11-15 20:35:50,211 DEBUG [main] wire:73 -  << "Content-Type: application/json; charset=utf-8[\r][\n]"
2020-11-15 20:35:50,212 DEBUG [main] wire:73 -  << "Content-Length: 53[\r][\n]"
2020-11-15 20:35:50,212 DEBUG [main] wire:73 -  << "Connection: keep-alive[\r][\n]"
2020-11-15 20:35:50,213 DEBUG [main] wire:73 -  << "X-Cache-Key: /data/2.5/weather?id=1261481abc[\r][\n]"
2020-11-15 20:35:50,214 DEBUG [main] wire:73 -  << "Access-Control-Allow-Origin: *[\r][\n]"
2020-11-15 20:35:50,214 DEBUG [main] wire:73 -  << "Access-Control-Allow-Credentials: true[\r][\n]"
2020-11-15 20:35:50,215 DEBUG [main] wire:73 -  << "Access-Control-Allow-Methods: GET, POST[\r][\n]"
2020-11-15 20:35:50,216 DEBUG [main] wire:73 -  << "[\r][\n]"
2020-11-15 20:35:50,217 DEBUG [main] DefaultClientConnection:259 - Receiving response: HTTP/1.1 400 Bad Request
2020-11-15 20:35:50,217 DEBUG [main] headers:262 - << HTTP/1.1 400 Bad Request
2020-11-15 20:35:50,218 DEBUG [main] headers:265 - << Server: openresty
2020-11-15 20:35:50,219 DEBUG [main] headers:265 - << Date: Sun, 15 Nov 2020 15:05:50 GMT
2020-11-15 20:35:50,219 DEBUG [main] headers:265 - << Content-Type: application/json; charset=utf-8
2020-11-15 20:35:50,220 DEBUG [main] headers:265 - << Content-Length: 53
2020-11-15 20:35:50,220 DEBUG [main] headers:265 - << Connection: keep-alive
2020-11-15 20:35:50,221 DEBUG [main] headers:265 - << X-Cache-Key: /data/2.5/weather?id=1261481abc
2020-11-15 20:35:50,221 DEBUG [main] headers:265 - << Access-Control-Allow-Origin: *
2020-11-15 20:35:50,222 DEBUG [main] headers:265 - << Access-Control-Allow-Credentials: true
2020-11-15 20:35:50,222 DEBUG [main] headers:265 - << Access-Control-Allow-Methods: GET, POST
2020-11-15 20:35:50,223 DEBUG [main] DefaultHttpClient:509 - Connection can be kept alive indefinitely
2020-11-15 20:35:50,224 DEBUG [main] RequestSpecificationImpl$RestAssuredHttpBuilder:544 - Parsing response as: application/json; charset=utf-8
2020-11-15 20:35:50,225 DEBUG [main] RequestSpecificationImpl$RestAssuredHttpBuilder:547 - Parsed data to instance of: class org.apache.http.conn.EofSensorInputStream
2020-11-15 20:35:50,227 DEBUG [main] wire:87 -  << "{"cod":"400","message":"1261481abc is not a city ID"}"
2020-11-15 20:35:50,227 DEBUG [main] BasicClientConnectionManager:200 - Releasing connection org.apache.http.impl.conn.ManagedClientConnectionImpl@4c5204af
2020-11-15 20:35:50,227 DEBUG [main] BasicClientConnectionManager:225 - Connection can be kept alive indefinitely
